2014-09-22 04:07:57,789 INFO  [Log] **************************************************************************************** 
2014-09-22 04:07:57,789 INFO  [Log] **************************************************************************************** 
2014-09-22 04:07:57,789 INFO  [Log] $$$$$$$$$$$$$$$$$$$$$                 LogIn_01       $$$$$$$$$$$$$$$$$$$$$$$$$ 
2014-09-22 04:07:57,789 INFO  [Log] **************************************************************************************** 
2014-09-22 04:07:57,789 INFO  [Log] **************************************************************************************** 
2014-09-22 04:07:57,791 ERROR [Log] Class Utils | Method getCellData | Exception desc : null 
2014-09-22 04:07:57,793 INFO  [Log] Opening Browser 
2014-09-22 04:08:05,443 INFO  [Log] Mozilla browser started 
2014-09-22 04:08:05,472 INFO  [Log] XXXXXXXXXXXXXXXXXXXXXXX             -E---N---D-             XXXXXXXXXXXXXXXXXXXXXX 
2014-09-22 04:08:05,472 INFO  [Log] X 
2014-09-22 04:08:05,472 INFO  [Log] X 
2014-09-22 04:08:05,472 INFO  [Log] X 
2014-09-22 04:08:05,472 INFO  [Log] X 
2018-10-26 02:25:31,063 INFO  [Log] **************************************************************************************** 
2018-10-26 02:25:31,064 INFO  [Log] **************************************************************************************** 
2018-10-26 02:25:31,064 INFO  [Log] $$$$$$$$$$$$$$$$$$$$$                 LogIn_01       $$$$$$$$$$$$$$$$$$$$$$$$$ 
2018-10-26 02:25:31,064 INFO  [Log] **************************************************************************************** 
2018-10-26 02:25:31,064 INFO  [Log] **************************************************************************************** 
2018-10-26 02:25:31,065 ERROR [Log] Class Utils | Method getCellData | Exception desc : null 
2018-10-26 02:25:31,066 INFO  [Log] Opening Browser 
2018-10-26 02:25:34,209 INFO  [Log] Chrome browser started 
2018-10-26 02:25:34,310 INFO  [Log] Navigating to URL 
2018-10-26 02:25:39,111 INFO  [Log] Clicking on Webelement btn_MyAccount 
2018-10-26 02:25:41,056 INFO  [Log] Entering the text in txtbx_UserName 
2018-10-26 02:25:41,161 INFO  [Log] Entering the text in txtbx_Password 
2018-10-26 02:25:41,323 INFO  [Log] Clicking on Webelement btn_LogIn 
2018-10-26 02:25:41,418 INFO  [Log] Wait for 5 seconds 
2018-10-26 02:25:46,443 INFO  [Log] Clicking on Webelement btn_LogOut 
2018-10-26 02:25:56,514 ERROR [Log] Not able to click --- no such element: Unable to locate element: {"method":"xpath","selector":".//*[@id='account_logout']/a"}
  (Session info: chrome=69.0.3497.100)
  (Driver info: chromedriver=2.43.600210 (68dcf5eebde37173d4027fa8635e332711d2874a),platform=Windows NT 10.0.17134 x86_64) (WARNING: The server did not provide any stacktrace information)
Command duration or timeout: 0 milliseconds
For documentation on this error, please visit: http://seleniumhq.org/exceptions/no_such_element.html
Build info: version: '3.14.0', revision: 'aacccce0', time: '2018-08-02T20:19:58.91Z'
System info: host: 'DESKTOP-ESJ4VVU', ip: '192.168.56.1', os.name: 'Windows 10', os.arch: 'amd64', os.version: '10.0', java.version: '1.8.0_191'
Driver info: org.openqa.selenium.chrome.ChromeDriver
Capabilities {acceptInsecureCerts: false, acceptSslCerts: false, applicationCacheEnabled: false, browserConnectionEnabled: false, browserName: chrome, chrome: {chromedriverVersion: 2.43.600210 (68dcf5eebde371..., userDataDir: C:\Users\CODECA~1\AppData\L...}, cssSelectorsEnabled: true, databaseEnabled: false, goog:chromeOptions: {debuggerAddress: localhost:5743}, handlesAlerts: true, hasTouchScreen: false, javascriptEnabled: true, locationContextEnabled: true, mobileEmulationEnabled: false, nativeEvents: true, networkConnectionEnabled: false, pageLoadStrategy: normal, platform: XP, platformName: XP, rotatable: false, setWindowRect: true, takesHeapSnapshot: true, takesScreenshot: true, unexpectedAlertBehaviour: , unhandledPromptBehavior: , version: 69.0.3497.100, webStorageEnabled: true}
Session ID: 8bc7a9cb9aeaf96a73c5e631b49d074a
*** Element info: {Using=xpath, value=.//*[@id='account_logout']/a} 
2018-10-26 02:25:56,538 INFO  [Log] Closing the browser 
2018-10-26 02:25:57,169 INFO  [Log] XXXXXXXXXXXXXXXXXXXXXXX             -E---N---D-             XXXXXXXXXXXXXXXXXXXXXX 
2018-10-26 02:25:57,169 INFO  [Log] X 
2018-10-26 02:25:57,169 INFO  [Log] X 
2018-10-26 02:25:57,169 INFO  [Log] X 
2018-10-26 02:25:57,169 INFO  [Log] X 
2018-10-27 00:31:45,500 INFO  [Log] **************************************************************************************** 
2018-10-27 00:31:45,501 INFO  [Log] **************************************************************************************** 
2018-10-27 00:31:45,501 INFO  [Log] $$$$$$$$$$$$$$$$$$$$$                 LogIn_01       $$$$$$$$$$$$$$$$$$$$$$$$$ 
2018-10-27 00:31:45,501 INFO  [Log] **************************************************************************************** 
2018-10-27 00:31:45,501 INFO  [Log] **************************************************************************************** 
2018-10-27 00:31:45,502 ERROR [Log] Class Utils | Method getCellData | Exception desc : null 
2018-10-27 00:31:45,504 INFO  [Log] Opening Browser 
2018-10-27 00:31:49,268 INFO  [Log] Chrome browser started 
2018-10-27 00:31:49,402 INFO  [Log] Navigating to URL 
2018-10-27 00:31:54,784 INFO  [Log] Clicking on Webelement btn_MyAccount 
2018-10-27 00:31:56,330 INFO  [Log] Entering the text in txtbx_UserName 
2018-10-27 00:31:56,455 INFO  [Log] Entering the text in txtbx_Password 
2018-10-27 00:31:56,567 INFO  [Log] Clicking on Webelement btn_LogIn 
2018-10-27 00:31:56,679 INFO  [Log] Wait for 5 seconds 
2018-10-27 00:32:01,720 INFO  [Log] Clicking on Webelement btn_LogOut 
2018-10-27 00:32:11,745 ERROR [Log] Not able to click --- no such element: Unable to locate element: {"method":"xpath","selector":".//*[@id='account_logout']/a"}
  (Session info: chrome=69.0.3497.100)
  (Driver info: chromedriver=2.43.600210 (68dcf5eebde37173d4027fa8635e332711d2874a),platform=Windows NT 10.0.17134 x86_64) (WARNING: The server did not provide any stacktrace information)
Command duration or timeout: 0 milliseconds
For documentation on this error, please visit: http://seleniumhq.org/exceptions/no_such_element.html
Build info: version: '3.14.0', revision: 'aacccce0', time: '2018-08-02T20:19:58.91Z'
System info: host: 'DESKTOP-ESJ4VVU', ip: '192.168.56.1', os.name: 'Windows 10', os.arch: 'amd64', os.version: '10.0', java.version: '1.8.0_191'
Driver info: org.openqa.selenium.chrome.ChromeDriver
Capabilities {acceptInsecureCerts: false, acceptSslCerts: false, applicationCacheEnabled: false, browserConnectionEnabled: false, browserName: chrome, chrome: {chromedriverVersion: 2.43.600210 (68dcf5eebde371..., userDataDir: C:\Users\CODECA~1\AppData\L...}, cssSelectorsEnabled: true, databaseEnabled: false, goog:chromeOptions: {debuggerAddress: localhost:4876}, handlesAlerts: true, hasTouchScreen: false, javascriptEnabled: true, locationContextEnabled: true, mobileEmulationEnabled: false, nativeEvents: true, networkConnectionEnabled: false, pageLoadStrategy: normal, platform: XP, platformName: XP, rotatable: false, setWindowRect: true, takesHeapSnapshot: true, takesScreenshot: true, unexpectedAlertBehaviour: , unhandledPromptBehavior: , version: 69.0.3497.100, webStorageEnabled: true}
Session ID: c7de43115a2152e18cf48f80f3c0c5c7
*** Element info: {Using=xpath, value=.//*[@id='account_logout']/a} 
2018-10-27 00:32:11,774 INFO  [Log] Closing the browser 
2018-10-27 00:32:12,448 INFO  [Log] XXXXXXXXXXXXXXXXXXXXXXX             -E---N---D-             XXXXXXXXXXXXXXXXXXXXXX 
2018-10-27 00:32:12,448 INFO  [Log] X 
2018-10-27 00:32:12,448 INFO  [Log] X 
2018-10-27 00:32:12,448 INFO  [Log] X 
2018-10-27 00:32:12,448 INFO  [Log] X 
2018-10-27 00:42:30,275 INFO  [Log] **************************************************************************************** 
2018-10-27 00:42:30,275 INFO  [Log] **************************************************************************************** 
2018-10-27 00:42:30,275 INFO  [Log] $$$$$$$$$$$$$$$$$$$$$                 LogIn_01       $$$$$$$$$$$$$$$$$$$$$$$$$ 
2018-10-27 00:42:30,275 INFO  [Log] **************************************************************************************** 
2018-10-27 00:42:30,275 INFO  [Log] **************************************************************************************** 
2018-10-27 00:42:30,276 ERROR [Log] Class Utils | Method getCellData | Exception desc : null 
2018-10-27 00:42:30,277 INFO  [Log] Opening Browser 
2018-10-27 00:42:32,924 INFO  [Log] Chrome browser started 
2018-10-27 00:42:32,932 INFO  [Log] XXXXXXXXXXXXXXXXXXXXXXX             -E---N---D-             XXXXXXXXXXXXXXXXXXXXXX 
2018-10-27 00:42:32,932 INFO  [Log] X 
2018-10-27 00:42:32,932 INFO  [Log] X 
2018-10-27 00:42:32,932 INFO  [Log] X 
2018-10-27 00:42:32,932 INFO  [Log] X 
2018-10-27 00:43:34,685 INFO  [Log] **************************************************************************************** 
2018-10-27 00:43:34,686 INFO  [Log] **************************************************************************************** 
2018-10-27 00:43:34,686 INFO  [Log] $$$$$$$$$$$$$$$$$$$$$                 LogIn_01       $$$$$$$$$$$$$$$$$$$$$$$$$ 
2018-10-27 00:43:34,686 INFO  [Log] **************************************************************************************** 
2018-10-27 00:43:34,686 INFO  [Log] **************************************************************************************** 
2018-10-27 00:43:34,687 ERROR [Log] Class Utils | Method getCellData | Exception desc : null 
2018-10-27 00:43:34,688 INFO  [Log] Opening Browser 
2018-10-27 00:43:37,438 INFO  [Log] Chrome browser started 
2018-10-27 00:43:37,546 INFO  [Log] Navigating to URL 
2018-10-27 00:43:41,650 INFO  [Log] Clicking on Webelement btn_MyAccount 
2018-10-27 00:43:49,562 ERROR [Log] Not able to click --- null 
2018-10-27 00:43:49,610 INFO  [Log] Closing the browser 
2018-10-27 00:43:50,272 INFO  [Log] XXXXXXXXXXXXXXXXXXXXXXX             -E---N---D-             XXXXXXXXXXXXXXXXXXXXXX 
2018-10-27 00:43:50,272 INFO  [Log] X 
2018-10-27 00:43:50,272 INFO  [Log] X 
2018-10-27 00:43:50,272 INFO  [Log] X 
2018-10-27 00:43:50,272 INFO  [Log] X 
2018-10-27 01:07:21,311 INFO  [Log] **************************************************************************************** 
2018-10-27 01:07:21,312 INFO  [Log] **************************************************************************************** 
2018-10-27 01:07:21,312 INFO  [Log] $$$$$$$$$$$$$$$$$$$$$                 LogIn_01       $$$$$$$$$$$$$$$$$$$$$$$$$ 
2018-10-27 01:07:21,312 INFO  [Log] **************************************************************************************** 
2018-10-27 01:07:21,312 INFO  [Log] **************************************************************************************** 
2018-10-27 01:07:21,313 ERROR [Log] Class Utils | Method getCellData | Exception desc : null 
2018-10-27 01:07:21,314 INFO  [Log] Opening Browser 
2018-10-27 01:07:23,987 INFO  [Log] Chrome browser started 
2018-10-27 01:07:24,089 INFO  [Log] Navigating to URL 
2018-10-27 01:07:30,012 INFO  [Log] Clicking on Webelement btn_MyAccount 
2018-10-27 01:07:30,014 ERROR [Log] Not able to click --- Cannot find elements when the XPath is null. 
2018-10-27 01:07:30,044 INFO  [Log] Closing the browser 
2018-10-27 01:07:30,690 INFO  [Log] XXXXXXXXXXXXXXXXXXXXXXX             -E---N---D-             XXXXXXXXXXXXXXXXXXXXXX 
2018-10-27 01:07:30,690 INFO  [Log] X 
2018-10-27 01:07:30,690 INFO  [Log] X 
2018-10-27 01:07:30,690 INFO  [Log] X 
2018-10-27 01:07:30,690 INFO  [Log] X 
2018-10-27 01:16:15,847 INFO  [Log] **************************************************************************************** 
2018-10-27 01:16:15,848 INFO  [Log] **************************************************************************************** 
2018-10-27 01:16:15,848 INFO  [Log] $$$$$$$$$$$$$$$$$$$$$                 LogIn_01       $$$$$$$$$$$$$$$$$$$$$$$$$ 
2018-10-27 01:16:15,848 INFO  [Log] **************************************************************************************** 
2018-10-27 01:16:15,848 INFO  [Log] **************************************************************************************** 
2018-10-27 01:16:15,849 ERROR [Log] Class Utils | Method getCellData | Exception desc : null 
2018-10-27 01:16:15,850 INFO  [Log] Opening Browser 
2018-10-27 01:16:18,561 INFO  [Log] Chrome browser started 
2018-10-27 01:16:18,569 INFO  [Log] XXXXXXXXXXXXXXXXXXXXXXX             -E---N---D-             XXXXXXXXXXXXXXXXXXXXXX 
2018-10-27 01:16:18,569 INFO  [Log] X 
2018-10-27 01:16:18,569 INFO  [Log] X 
2018-10-27 01:16:18,569 INFO  [Log] X 
2018-10-27 01:16:18,569 INFO  [Log] X 
2018-10-27 01:16:42,336 INFO  [Log] **************************************************************************************** 
2018-10-27 01:16:42,336 INFO  [Log] **************************************************************************************** 
2018-10-27 01:16:42,336 INFO  [Log] $$$$$$$$$$$$$$$$$$$$$                 LogIn_01       $$$$$$$$$$$$$$$$$$$$$$$$$ 
2018-10-27 01:16:42,336 INFO  [Log] **************************************************************************************** 
2018-10-27 01:16:42,336 INFO  [Log] **************************************************************************************** 
2018-10-27 01:16:42,338 ERROR [Log] Class Utils | Method getCellData | Exception desc : null 
2018-10-27 01:16:42,338 INFO  [Log] Opening Browser 
2018-10-27 01:16:44,992 INFO  [Log] Chrome browser started 
2018-10-27 01:16:45,098 INFO  [Log] Navigating to URL 
2018-10-27 01:16:50,684 INFO  [Log] Clicking on Webelement btn_MyAccount 
2018-10-27 01:16:50,686 ERROR [Log] Not able to click --- Cannot find elements when the XPath is null. 
2018-10-27 01:16:50,720 INFO  [Log] Closing the browser 
2018-10-27 01:16:51,363 INFO  [Log] XXXXXXXXXXXXXXXXXXXXXXX             -E---N---D-             XXXXXXXXXXXXXXXXXXXXXX 
2018-10-27 01:16:51,363 INFO  [Log] X 
2018-10-27 01:16:51,363 INFO  [Log] X 
2018-10-27 01:16:51,363 INFO  [Log] X 
2018-10-27 01:16:51,364 INFO  [Log] X 
2018-10-27 01:23:57,668 INFO  [Log] **************************************************************************************** 
2018-10-27 01:23:57,669 INFO  [Log] **************************************************************************************** 
2018-10-27 01:23:57,669 INFO  [Log] $$$$$$$$$$$$$$$$$$$$$                 LogIn_01       $$$$$$$$$$$$$$$$$$$$$$$$$ 
2018-10-27 01:23:57,669 INFO  [Log] **************************************************************************************** 
2018-10-27 01:23:57,669 INFO  [Log] **************************************************************************************** 
2018-10-27 01:23:57,670 ERROR [Log] Class Utils | Method getCellData | Exception desc : null 
2018-10-27 01:23:57,671 INFO  [Log] Opening Browser 
2018-10-27 01:24:00,373 INFO  [Log] Chrome browser started 
2018-10-27 01:24:00,381 INFO  [Log] XXXXXXXXXXXXXXXXXXXXXXX             -E---N---D-             XXXXXXXXXXXXXXXXXXXXXX 
2018-10-27 01:24:00,381 INFO  [Log] X 
2018-10-27 01:24:00,381 INFO  [Log] X 
2018-10-27 01:24:00,381 INFO  [Log] X 
2018-10-27 01:24:00,381 INFO  [Log] X 
2018-10-27 01:24:17,437 INFO  [Log] **************************************************************************************** 
2018-10-27 01:24:17,437 INFO  [Log] **************************************************************************************** 
2018-10-27 01:24:17,437 INFO  [Log] $$$$$$$$$$$$$$$$$$$$$                 LogIn_01       $$$$$$$$$$$$$$$$$$$$$$$$$ 
2018-10-27 01:24:17,437 INFO  [Log] **************************************************************************************** 
2018-10-27 01:24:17,437 INFO  [Log] **************************************************************************************** 
2018-10-27 01:24:17,438 ERROR [Log] Class Utils | Method getCellData | Exception desc : null 
2018-10-27 01:24:17,439 INFO  [Log] Opening Browser 
2018-10-27 01:24:20,109 INFO  [Log] Chrome browser started 
2018-10-27 01:24:20,216 INFO  [Log] Navigating to URL 
2018-10-27 01:24:24,609 INFO  [Log] Clicking on Webelement link_SignIn 
2018-10-27 01:24:26,359 INFO  [Log] Entering the text in txtbx_Email_Login 
2018-10-27 01:24:26,503 INFO  [Log] Entering the text in txtbx_Password 
2018-10-27 01:24:26,644 INFO  [Log] Clicking on Webelement btn_LogIn 
2018-10-27 01:24:28,679 INFO  [Log] Wait for 5 seconds 
2018-10-27 01:24:33,712 INFO  [Log] Clicking on Webelement btn_LogOut 
2018-10-27 01:24:35,788 INFO  [Log] Closing the browser 
2018-10-27 01:24:36,446 INFO  [Log] XXXXXXXXXXXXXXXXXXXXXXX             -E---N---D-             XXXXXXXXXXXXXXXXXXXXXX 
2018-10-27 01:24:36,446 INFO  [Log] X 
2018-10-27 01:24:36,446 INFO  [Log] X 
2018-10-27 01:24:36,446 INFO  [Log] X 
2018-10-27 01:24:36,446 INFO  [Log] X 
